This is pdfTeX, Version 3.141592653-2.6-1.40.24 (TeX Live 2022) (preloaded format=pdflatex 2022.9.15)  8 JAN 2023 11:08
entering extended mode
 restricted \write18 enabled.
 file:line:error style messages enabled.
 %&-line parsing enabled.
**/Users/errutorculas/cmsc197-ML-miniproj/latex/MiniProj-CMSC197.tex
(/Users/errutorculas/cmsc197-ML-miniproj/latex/MiniProj-CMSC197.tex
LaTeX2e <2021-11-15> patch level 1
L3 programming layer <2022-02-24> (./llncs.cls
Document Class: llncs 2018/03/10 v2.20 
 LaTeX document class for Lecture Notes in Computer Science
(/usr/local/texlive/2022/texmf-dist/tex/latex/base/article.cls
Document Class: article 2021/10/04 v1.4n Standard LaTeX document class
(/usr/local/texlive/2022/texmf-dist/tex/latex/base/size10.clo
File: size10.clo 2021/10/04 v1.4n Standard LaTeX file (size option)
)
\c@part=\count185
\c@section=\count186
\c@subsection=\count187
\c@subsubsection=\count188
\c@paragraph=\count189
\c@subparagraph=\count190
\c@figure=\count191
\c@table=\count192
\abovecaptionskip=\skip47
\belowcaptionskip=\skip48
\bibindent=\dimen138
) (/usr/local/texlive/2022/texmf-dist/tex/latex/tools/multicol.sty
Package: multicol 2021/10/28 v1.9b multicolumn formatting (FMi)
\c@tracingmulticols=\count193
\mult@box=\box50
\multicol@leftmargin=\dimen139
\c@unbalance=\count194
\c@collectmore=\count195
\doublecol@number=\count196
\multicoltolerance=\count197
\multicolpretolerance=\count198
\full@width=\dimen140
\page@free=\dimen141
\premulticols=\dimen142
\postmulticols=\dimen143
\multicolsep=\skip49
\multicolbaselineskip=\skip50
\partial@page=\box51
\last@line=\box52
\maxbalancingoverflow=\dimen144
\mult@rightbox=\box53
\mult@grightbox=\box54
\mult@firstbox=\box55
\mult@gfirstbox=\box56
\@tempa=\box57
\@tempa=\box58
\@tempa=\box59
\@tempa=\box60
\@tempa=\box61
\@tempa=\box62
\@tempa=\box63
\@tempa=\box64
\@tempa=\box65
\@tempa=\box66
\@tempa=\box67
\@tempa=\box68
\@tempa=\box69
\@tempa=\box70
\@tempa=\box71
\@tempa=\box72
\@tempa=\box73
\@tempa=\box74
\@tempa=\box75
\@tempa=\box76
\@tempa=\box77
\@tempa=\box78
\@tempa=\box79
\@tempa=\box80
\@tempa=\box81
\@tempa=\box82
\@tempa=\box83
\@tempa=\box84
\@tempa=\box85
\@tempa=\box86
\@tempa=\box87
\@tempa=\box88
\@tempa=\box89
\@tempa=\box90
\@tempa=\box91
\@tempa=\box92
\c@minrows=\count199
\c@columnbadness=\count266
\c@finalcolumnbadness=\count267
\last@try=\dimen145
\multicolovershoot=\dimen146
\multicolundershoot=\dimen147
\mult@nat@firstbox=\box93
\colbreak@box=\box94
\mc@col@check@num=\count268
) (/usr/local/texlive/2022/texmf-dist/tex/latex/oberdiek/aliascnt.sty
Package: aliascnt 2018/09/07 v1.5 Alias counters (HO)
)
\c@chapter=\count269
LaTeX Font Info:    Redeclaring math symbol \Gamma on input line 362.
LaTeX Font Info:    Redeclaring math symbol \Delta on input line 363.
LaTeX Font Info:    Redeclaring math symbol \Theta on input line 364.
LaTeX Font Info:    Redeclaring math symbol \Lambda on input line 365.
LaTeX Font Info:    Redeclaring math symbol \Xi on input line 366.
LaTeX Font Info:    Redeclaring math symbol \Pi on input line 367.
LaTeX Font Info:    Redeclaring math symbol \Sigma on input line 368.
LaTeX Font Info:    Redeclaring math symbol \Upsilon on input line 369.
LaTeX Font Info:    Redeclaring math symbol \Phi on input line 370.
LaTeX Font Info:    Redeclaring math symbol \Psi on input line 371.
LaTeX Font Info:    Redeclaring math symbol \Omega on input line 372.
\tocchpnum=\dimen148
\tocsecnum=\dimen149
\tocsectotal=\dimen150
\tocsubsecnum=\dimen151
\tocsubsectotal=\dimen152
\tocsubsubsecnum=\dimen153
\tocsubsubsectotal=\dimen154
\tocparanum=\dimen155
\tocparatotal=\dimen156
\tocsubparanum=\dimen157
\@tempcntc=\count270
\fnindent=\dimen158
\c@@inst=\count271
\c@@auth=\count272
\c@auco=\count273
\instindent=\dimen159
\authrun=\box95
\authorrunning=\toks16
\tocauthor=\toks17
\titrun=\box96
\titlerunning=\toks18
\toctitle=\toks19
\c@theorem=\count274
\c@case=\count275
\c@conjecture=\count276
\c@corollary=\count277
\c@definition=\count278
\c@example=\count279
\c@exercise=\count280
\c@lemma=\count281
\c@note=\count282
\c@problem=\count283
\c@property=\count284
\c@proposition=\count285
\c@question=\count286
\c@solution=\count287
\c@remark=\count288
\headlineindent=\dimen160
) (/usr/local/texlive/2022/texmf-dist/tex/latex/graphics/graphicx.sty
Package: graphicx 2021/09/16 v1.2d Enhanced LaTeX Graphics (DPC,SPQR)
 (/usr/local/texlive/2022/texmf-dist/tex/latex/graphics/keyval.sty
Package: keyval 2014/10/28 v1.15 key=value parser (DPC)
\KV@toks@=\toks20
) (/usr/local/texlive/2022/texmf-dist/tex/latex/graphics/graphics.sty
Package: graphics 2021/03/04 v1.4d Standard LaTeX Graphics (DPC,SPQR)
 (/usr/local/texlive/2022/texmf-dist/tex/latex/graphics/trig.sty
Package: trig 2021/08/11 v1.11 sin cos tan (DPC)
) (/usr/local/texlive/2022/texmf-dist/tex/latex/graphics-cfg/graphics.cfg
File: graphics.cfg 2016/06/04 v1.11 sample graphics configuration
)
Package graphics Info: Driver file: pdftex.def on input line 107.
 (/usr/local/texlive/2022/texmf-dist/tex/latex/graphics-def/pdftex.def
File: pdftex.def 2020/10/05 v1.2a Graphics/color driver for pdftex
))
\Gin@req@height=\dimen161
\Gin@req@width=\dimen162
) (/usr/local/texlive/2022/texmf-dist/tex/latex/caption/caption.sty
Package: caption 2022/03/01 v3.6b Customizing captions (AR)
 (/usr/local/texlive/2022/texmf-dist/tex/latex/caption/caption3.sty
Package: caption3 2022/03/17 v2.3b caption3 kernel (AR)
\caption@tempdima=\dimen163
\captionmargin=\dimen164
\caption@leftmargin=\dimen165
\caption@rightmargin=\dimen166
\caption@width=\dimen167
\caption@indent=\dimen168
\caption@parindent=\dimen169
\caption@hangindent=\dimen170
Package caption Info: Unknown document class (or package),
(caption)             standard defaults will be used.
Package caption Info: \@makecaption = \long macro:#1#2->\small \vskip \abovecaptionskip \sbox \@tempboxa {{\bfseries #1.} #2}\ifdim \wd \@tempboxa >\hsize {\bfseries #1.} #2\par \else \global \@minipagefalse \hb@xt@ \hsize {\hfil \box \@tempboxa \hfil }\fi \vskip \belowcaptionskip  on input line 1176.
)

Package caption Warning: Unknown document class (or package),
(caption)                standard defaults will be used.
See the caption package documentation for explanation.

\c@caption@flags=\count289
\c@continuedfloat=\count290
) (/usr/local/texlive/2022/texmf-dist/tex/latex/caption/subcaption.sty
Package: subcaption 2022/01/07 v1.5 Sub-captions (AR)
\c@subfigure=\count291
\c@subtable=\count292
) (/usr/local/texlive/2022/texmf-dist/tex/latex/l3backend/l3backend-pdftex.def
File: l3backend-pdftex.def 2022-02-07 L3 backend support: PDF output (pdfTeX)
\l__color_backend_stack_int=\count293
\l__pdf_internal_box=\box97
) (./MiniProj-CMSC197.aux

LaTeX Warning: Label `fig:modelRF-p1' multiply defined.


LaTeX Warning: Label `sub@fig:modelRF-p1' multiply defined.


LaTeX Warning: Label `fig:modelRF-p2' multiply defined.


LaTeX Warning: Label `sub@fig:modelRF-p2' multiply defined.


LaTeX Warning: Label `fig:modelRF-p1' multiply defined.


LaTeX Warning: Label `sub@fig:modelRF-p1' multiply defined.


LaTeX Warning: Label `fig:modelRF-p2' multiply defined.


LaTeX Warning: Label `sub@fig:modelRF-p2' multiply defined.


LaTeX Warning: Label `fig:fig1' multiply defined.

)
\openout1 = `MiniProj-CMSC197.aux'.

LaTeX Font Info:    Checking defaults for OML/cmm/m/it on input line 21.
LaTeX Font Info:    ... okay on input line 21.
LaTeX Font Info:    Checking defaults for OMS/cmsy/m/n on input line 21.
LaTeX Font Info:    ... okay on input line 21.
LaTeX Font Info:    Checking defaults for OT1/cmr/m/n on input line 21.
LaTeX Font Info:    ... okay on input line 21.
LaTeX Font Info:    Checking defaults for T1/cmr/m/n on input line 21.
LaTeX Font Info:    ... okay on input line 21.
LaTeX Font Info:    Checking defaults for TS1/cmr/m/n on input line 21.
LaTeX Font Info:    ... okay on input line 21.
LaTeX Font Info:    Checking defaults for OMX/cmex/m/n on input line 21.
LaTeX Font Info:    ... okay on input line 21.
LaTeX Font Info:    Checking defaults for U/cmr/m/n on input line 21.
LaTeX Font Info:    ... okay on input line 21.
 (/usr/local/texlive/2022/texmf-dist/tex/context/base/mkii/supp-pdf.mkii
[Loading MPS to PDF converter (version 2006.09.02).]
\scratchcounter=\count294
\scratchdimen=\dimen171
\scratchbox=\box98
\nofMPsegments=\count295
\nofMParguments=\count296
\everyMPshowfont=\toks21
\MPscratchCnt=\count297
\MPscratchDim=\dimen172
\MPnumerator=\count298
\makeMPintoPDFobject=\count299
\everyMPtoPDFconversion=\toks22
) (/usr/local/texlive/2022/texmf-dist/tex/latex/epstopdf-pkg/epstopdf-base.sty
Package: epstopdf-base 2020-01-24 v2.11 Base part for package epstopdf
Package epstopdf-base Info: Redefining graphics rule for `.eps' on input line 485.
 (/usr/local/texlive/2022/texmf-dist/tex/latex/latexconfig/epstopdf-sys.cfg
File: epstopdf-sys.cfg 2010/07/13 v1.3 Configuration of (r)epstopdf for TeX Live
))
Package caption Info: Begin \AtBeginDocument code.
Package caption Info: End \AtBeginDocument code.
LaTeX Font Info:    External font `cmex10' loaded for size
(Font)              <7> on input line 41.
LaTeX Font Info:    External font `cmex10' loaded for size
(Font)              <5> on input line 41.
LaTeX Font Info:    Trying to load font information for OMS+cmtt on input line 41.
LaTeX Font Info:    No file OMScmtt.fd. on input line 41.


LaTeX Font Warning: Font shape `OMS/cmtt/m/n' undefined
(Font)              using `OMS/cmsy/m/n' instead
(Font)              for symbol `textbraceleft' on input line 41.

LaTeX Font Info:    External font `cmex10' loaded for size
(Font)              <9> on input line 52.
LaTeX Font Info:    External font `cmex10' loaded for size
(Font)              <6> on input line 52.
[1

{/usr/local/texlive/2022/texmf-var/fonts/map/pdftex/updmap/pdftex.map}]
Overfull \hbox (7.82164pt too wide) in paragraph at lines 63--64
\OT1/cmr/m/n/10 Shin and Woo (2022) com-pared three dis-tinct machine-learning al-go-rithms, namely
 []

[2]
Underfull \hbox (badness 10000) in paragraph at lines 73--74

 []


Overfull \hbox (63.14966pt too wide) in paragraph at lines 76--76
 \OT1/cmr/m/n/9 https://drive.google.com/drive/folders/1yxtk9GNx4CCfY3Eh4bY19[]5nwx5HcVbw?usp=share[]link| 
 []


Overfull \hbox (1.24513pt too wide) in paragraph at lines 83--84
[]\OT1/cmr/bx/n/10 Total En-ergy Con-sump-tion (in GWh)\OT1/cmr/m/n/10 . This refers to the sum of monthly
 []

[3]
Underfull \hbox (badness 10000) in paragraph at lines 89--90

 []

[4]
Underfull \hbox (badness 10000) in paragraph at lines 114--115

 []

[5]
<figures//rf/p1-RF.png, id=33, 901.2069pt x 338.2236pt>
File: figures//rf/p1-RF.png Graphic file (type png)
<use figures//rf/p1-RF.png>
Package pdftex.def Info: figures//rf/p1-RF.png  used on input line 132.
(pdftex.def)             Requested size: 347.12354pt x 130.27583pt.
<figures//rf/p2-RF.png, id=35, 901.2069pt x 338.2236pt>
File: figures//rf/p2-RF.png Graphic file (type png)
<use figures//rf/p2-RF.png>
Package pdftex.def Info: figures//rf/p2-RF.png  used on input line 138.
(pdftex.def)             Requested size: 347.12354pt x 130.27583pt.

Underfull \hbox (badness 10000) in paragraph at lines 128--146

 []

[6 <./figures//rf/p1-RF.png> <./figures//rf/p2-RF.png>]
<figures//xgboost/p1-XGBoost.png, id=41, 901.2069pt x 338.2236pt>
File: figures//xgboost/p1-XGBoost.png Graphic file (type png)
<use figures//xgboost/p1-XGBoost.png>
Package pdftex.def Info: figures//xgboost/p1-XGBoost.png  used on input line 155.
(pdftex.def)             Requested size: 347.12354pt x 130.27583pt.
<figures//xgboost/p2-XGBoost.png, id=42, 901.2069pt x 338.2236pt>
File: figures//xgboost/p2-XGBoost.png Graphic file (type png)
<use figures//xgboost/p2-XGBoost.png>
Package pdftex.def Info: figures//xgboost/p2-XGBoost.png  used on input line 161.
(pdftex.def)             Requested size: 347.12354pt x 130.27583pt.
 [7 <./figures//xgboost/p1-XGBoost.png> <./figures//xgboost/p2-XGBoost.png>]
<figures//lr/p1-lr.png, id=49, 901.2069pt x 338.2236pt>
File: figures//lr/p1-lr.png Graphic file (type png)
<use figures//lr/p1-lr.png>
Package pdftex.def Info: figures//lr/p1-lr.png  used on input line 177.
(pdftex.def)             Requested size: 347.12354pt x 130.27583pt.
<figures//lr/p2-lr.png, id=50, 901.2069pt x 338.2236pt>
File: figures//lr/p2-lr.png Graphic file (type png)
<use figures//lr/p2-lr.png>
Package pdftex.def Info: figures//lr/p2-lr.png  used on input line 183.
(pdftex.def)             Requested size: 347.12354pt x 130.27583pt.
 [8 <./figures//lr/p1-lr.png> <./figures//lr/p2-lr.png>]
<figures//svr/p1-SVR.png, id=56, 901.2069pt x 338.2236pt>
File: figures//svr/p1-SVR.png Graphic file (type png)
<use figures//svr/p1-SVR.png>
Package pdftex.def Info: figures//svr/p1-SVR.png  used on input line 198.
(pdftex.def)             Requested size: 347.12354pt x 130.27583pt.
<figures//svr/p2-SVR.png, id=57, 901.2069pt x 338.2236pt>
File: figures//svr/p2-SVR.png Graphic file (type png)
<use figures//svr/p2-SVR.png>
Package pdftex.def Info: figures//svr/p2-SVR.png  used on input line 204.
(pdftex.def)             Requested size: 347.12354pt x 130.27583pt.
 [9 <./figures//svr/p1-SVR.png> <./figures//svr/p2-SVR.png>]

LaTeX Warning: No positions in optional float specifier.
               Default added (so using `htbp') on input line 221.

[10]
<figures//rf/p1-1-RF.png, id=66, 901.2069pt x 349.7868pt>
File: figures//rf/p1-1-RF.png Graphic file (type png)
<use figures//rf/p1-1-RF.png>
Package pdftex.def Info: figures//rf/p1-1-RF.png  used on input line 247.
(pdftex.def)             Requested size: 347.12354pt x 134.7297pt.
<figures//xgboost/p1-1-XGBoost.png, id=67, 901.2069pt x 349.7868pt>
File: figures//xgboost/p1-1-XGBoost.png Graphic file (type png)
<use figures//xgboost/p1-1-XGBoost.png>
Package pdftex.def Info: figures//xgboost/p1-1-XGBoost.png  used on input line 253.
(pdftex.def)             Requested size: 347.12354pt x 134.7297pt.
<figures//lr/p1-1-LR.png, id=68, 901.2069pt x 349.7868pt>
File: figures//lr/p1-1-LR.png Graphic file (type png)
<use figures//lr/p1-1-LR.png>
Package pdftex.def Info: figures//lr/p1-1-LR.png  used on input line 259.
(pdftex.def)             Requested size: 347.12354pt x 134.7297pt.
<figures/svr/p1-1-SVR.png, id=69, 901.2069pt x 349.7868pt>
File: figures/svr/p1-1-SVR.png Graphic file (type png)
<use figures/svr/p1-1-SVR.png>
Package pdftex.def Info: figures/svr/p1-1-SVR.png  used on input line 265.
(pdftex.def)             Requested size: 347.12354pt x 134.7297pt.


LaTeX Warning: Float too large for page by 82.78055pt on input line 271.


LaTeX Warning: `h' float specifier changed to `ht'.


Underfull \hbox (badness 1077) in paragraph at lines 291--292
[]\OT1/cmr/m/n/9 S. Barak and S. Sadegh. \Fore-cast-ing en-ergy con-sump-tion us-ing en-sem-ble
 []


Underfull \hbox (badness 10000) in paragraph at lines 294--295
[]\OT1/cmr/m/n/9 Philippine Elec-tric-ity Mar-ket Cor-po-ra-tion. \OT1/cmr/m/it/9 Monthly Mar-ket As-sess-ment
 []


Underfull \hbox (badness 7504) in paragraph at lines 294--295
\OT1/cmr/m/it/9 Re-port\OT1/cmr/m/n/9 . Ac-cessed: 2022-11-27. 2019. URL: https://www.wesm.ph/market-
 []


Underfull \hbox (badness 3503) in paragraph at lines 315--316
[]\OT1/cmr/m/n/9 A. Mosavi A. Bah-mani. \OT1/cmr/m/it/9 En-ergy Con-sump-tion Pre-dic-tion Us-ing Ma-chine
 []


Underfull \hbox (badness 10000) in paragraph at lines 315--316
\OT1/cmr/m/it/9 Learn-ing; A Re-view\OT1/cmr/m/n/9 . Ac-cessed: 2022-11-27. 2019. URL: https://www.
 []

[11] [12 <./figures//rf/p1-1-RF.png> <./figures//xgboost/p1-1-XGBoost.png> <./figures//lr/p1-1-LR.png> <./figures/svr/p1-1-SVR.png>] (./MiniProj-CMSC197.aux)

LaTeX Font Warning: Some font shapes were not available, defaults substituted.


LaTeX Warning: There were multiply-defined labels.

 ) 
Here is how much of TeX's memory you used:
 3338 strings out of 478268
 58844 string characters out of 5846347
 357809 words of memory out of 5000000
 21541 multiletter control sequences out of 15000+600000
 474103 words of font info for 44 fonts, out of 8000000 for 9000
 1141 hyphenation exceptions out of 8191
 55i,9n,63p,1105b,487s stack positions out of 10000i,1000n,20000p,200000b,200000s
{/usr/local/texlive/2022/texmf-dist/fonts/enc/dvips/cm-super/cm-super-ts1.enc}</usr/local/texlive/2022/texmf-dist/fonts/type1/public/amsfonts/cm/cmbx10.pfb></usr/local/texlive/2022/texmf-dist/fonts/type1/public/amsfonts/cm/cmbx12.pfb></usr/local/texlive/2022/texmf-dist/fonts/type1/public/amsfonts/cm/cmbx9.pfb></usr/local/texlive/2022/texmf-dist/fonts/type1/public/amsfonts/cm/cmex10.pfb></usr/local/texlive/2022/texmf-dist/fonts/type1/public/amsfonts/cm/cmmi10.pfb></usr/local/texlive/2022/texmf-dist/fonts/type1/public/amsfonts/cm/cmmi7.pfb></usr/local/texlive/2022/texmf-dist/fonts/type1/public/amsfonts/cm/cmr10.pfb></usr/local/texlive/2022/texmf-dist/fonts/type1/public/amsfonts/cm/cmr6.pfb></usr/local/texlive/2022/texmf-dist/fonts/type1/public/amsfonts/cm/cmr7.pfb></usr/local/texlive/2022/texmf-dist/fonts/type1/public/amsfonts/cm/cmr9.pfb></usr/local/texlive/2022/texmf-dist/fonts/type1/public/amsfonts/cm/cmsy10.pfb></usr/local/texlive/2022/texmf-dist/fonts/type1/public/amsfonts/cm/cmsy9.pfb></usr/local/texlive/2022/texmf-dist/fonts/type1/public/amsfonts/cm/cmti10.pfb></usr/local/texlive/2022/texmf-dist/fonts/type1/public/amsfonts/cm/cmti9.pfb></usr/local/texlive/2022/texmf-dist/fonts/type1/public/amsfonts/cm/cmtt9.pfb></usr/local/texlive/2022/texmf-dist/fonts/type1/public/cm-super/sfrm0900.pfb>
Output written on MiniProj-CMSC197.pdf (12 pages, 844548 bytes).
PDF statistics:
 149 PDF objects out of 1000 (max. 8388607)
 78 compressed objects within 1 object stream
 0 named destinations out of 1000 (max. 500000)
 61 words of extra memory for PDF output out of 10000 (max. 10000000)

